<?xml version="1.0" encoding="UTF-8"?>
<!-- Generated by org.testng.reporters.JUnitReportReporter -->
<testsuite skipped="0" hostname="DESKTOP-TFQ5ABU" name="TestScript.BaseTest" tests="1" failures="0" timestamp="2020-09-07T12:41:09 EDT" time="11.258" errors="0">
  <testcase name="Initialize" time="11.258" classname="TestScript.BaseTest"/>
</testsuite> <!-- TestScript.BaseTest -->
