<?xml version="1.0" encoding="UTF-8"?>
<!-- Generated by org.testng.reporters.JUnitReportReporter -->
<testsuite skipped="1" hostname="DESKTOP-TFQ5ABU" name="Util.LoginTest" tests="1" failures="0" timestamp="2020-09-15T14:26:39 EDT" time="0.000" errors="0">
  <testcase name="loginTest" time="0.000" classname="Util.LoginTest">
    <skipped/>
  </testcase> <!-- loginTest -->
</testsuite> <!-- Util.LoginTest -->
