<?xml version="1.0" encoding="UTF-8"?>
<!-- Generated by org.testng.reporters.JUnitReportReporter -->
<testsuite skipped="1" hostname="DESKTOP-TFQ5ABU" name="TestngData.LoginTest" tests="1" failures="0" timestamp="2020-09-14T18:21:49 EDT" time="0.000" errors="0">
  <testcase name="loginTest" time="0.000" classname="TestngData.LoginTest">
    <skipped/>
  </testcase> <!-- loginTest -->
</testsuite> <!-- TestngData.LoginTest -->
